make all --print-data-base --no-builtin-variables --no-builtin-rules --question
# GNU Make 3.81
# Copyright (C) 2006  Free Software Foundation, Inc.
# This is free software; see the source for copying conditions.
# There is NO warranty; not even for MERCHANTABILITY or FITNESS FOR A
# PARTICULAR PURPOSE.

# This program built for i386-apple-darwin11.3.0
 

# Make data base, printed on Sun Jun 26 10:12:53 2022

# Variables

# automatic
 
<D = $(patsubst %/,%,$(dir $<))
# automatic
?F = $(notdir $?)
# environment
ELECTRON_NO_ATTACH_CONSOLE = 1
# makefile (from `Makefile', line 9)
OBJ = $(patsubst %,$(ODIR)/%,$(_OBJ))
# environment
LC_CTYPE = UTF-8
# environment
VSCODE_LOG_NATIVE = false
# automatic
?D = $(patsubst %/,%,$(dir $?))
# automatic
@D = $(patsubst %/,%,$(dir $@))
# automatic
@F = $(notdir $@)
# makefile
CURDIR := /Users/eliott/wxWidgets-3.1.5/macbuild/app
# makefile
SHELL = /bin/sh
# environment
VSCODE_NLS_CONFIG = {"locale":"en-us","availableLanguages":{},"_languagePackSupport":true}
# environment
_ = /usr/bin/make
# makefile (from `Makefile', line 1)
MAKEFILE_LIST :=  Makefile
# environment
VSCODE_VERBOSE_LOGGING = true
# environment
__CFBundleIdentifier = com.microsoft.VSCode
# environment
VSCODE_IPC_HOOK_EXTHOST = /var/folders/r4/grtnqp5d70z07dr_vbq0scgr0000gn/T/vscode-ipc-5ce1d6e5-9427-48ad-9d6e-bd87df6124c6.sock
# environment
VSCODE_CWD = /Users/eliott/wxWidgets-3.1.5/macbuild/app
# environment
PATH = /Users/eliott/opt/anaconda3/bin:/Users/eliott/opt/anaconda3/condabin:/usr/local/bin:/usr/bin:/bin:/usr/sbin:/sbin:~/.dotnet/tools:/Library/Apple/usr/bin:/Library/Frameworks/Mono.framework/Versions/Current/Commands:/opt/homebrew/bin
# environment
VSCODE_LOG_STACK = false
# environment
ELECTRON_RUN_AS_NODE = 1
# default
.FEATURES := target-specific order-only second-expansion else-if archives jobserver check-symlink
# environment
SSH_AUTH_SOCK = /private/tmp/com.apple.launchd.xNGnUsgXU1/Listeners
# automatic
%F = $(notdir $%)
# makefile (from `Makefile', line 11)
_DEPS = mainWindow.hpp frame.hpp config.hpp
# environment
CONDA_EXE = /Users/eliott/opt/anaconda3/bin/conda
# environment
VSCODE_PIPE_LOGGING = true
# environment
PWD = /Users/eliott/wxWidgets-3.1.5/macbuild/app
# environment
ORIGINAL_XDG_CURRENT_DESKTOP = undefined
# environment
VSCODE_AMD_ENTRYPOINT = vs/workbench/api/node/extensionHostProcess
# environment
HOME = /Users/eliott
# default
MAKEFILEPATH := /Applications/Xcode.app/Contents/Developer/Makefiles
# environment
VSCODE_CLI = 1
# environment
VSCODE_CODE_CACHE_PATH = /Users/eliott/Library/Application Support/Code/CachedData/30d9c6cd9483b2cc586687151bcbcd635f373630
# environment
LOGNAME = eliott
# environment
APPLICATION_INSIGHTS_NO_DIAGNOSTIC_CHANNEL = 1
# makefile (from `Makefile', line 6)
IDIR = include
# environment
CONDA_PROMPT_MODIFIER = (base) 
# environment
VSCODE_HANDLES_UNCAUGHT_ERRORS = true
# automatic
^D = $(patsubst %/,%,$(dir $^))
# environment
CONDA_DEFAULT_ENV = base
# environment
XPC_FLAGS = 0x0
# default
MAKE = $(MAKE_COMMAND)
# default
MAKECMDGOALS := all
# environment
SHLVL = 3
# makefile (from `Makefile', line 5)
ODIR = obj
# default
MAKE_VERSION := 3.81
# environment
USER = eliott
# makefile
.DEFAULT_GOAL := all
# environment
TERM_SESSION_ID = EFF76548-F413-430D-9759-F9080DEC6678
# automatic
%D = $(patsubst %/,%,$(dir $%))
# environment
CONDA_SHLVL = 1
# default
MAKE_COMMAND := /Applications/Xcode.app/Contents/Developer/usr/bin/make
# environment
TERM_PROGRAM = Apple_Terminal
# default
.VARIABLES := 
# environment
TMPDIR = /var/folders/r4/grtnqp5d70z07dr_vbq0scgr0000gn/T/
# automatic
 
*F = $(notdir $*)
# environment
VSCODE_IPC_HOOK = /Users/eliott/Library/Application Support/Code/1.68.1-main.sock
# makefile (from `Makefile', line 3)
PROGRAM = main
# makefile
MAKEFLAGS = Rrqp
# environment
MFLAGS = -Rrqp
# automatic
*D = $(patsubst %/,%,$(dir $*))
# environment
TERM_PROGRAM_VERSION = 445
# environment
XPC_SERVICE_NAME = application.com.microsoft.VSCode.36428897.36428903.53147067-35C3-4C27-BA23-CA4637395804
# automatic
+D = $(patsubst %/,%,$(dir $+))
# automatic
+F = $(notdir $+)
# environment
__CF_USER_TEXT_ENCODING = 0x1F5:0x0:0x0
# environment
COMMAND_MODE = unix2003
# default
MAKEFILES := 
# automatic
<F = $(notdir $<)
# makefile (from `Makefile', line 1)
CXX = $(shell wx-config --cxx)
# environment
LC_ALL = C
# environment
CONDA_PYTHON_EXE = /Users/eliott/opt/anaconda3/bin/python
# automatic
^F = $(notdir $^)
# makefile (from `Makefile', line 8)
_OBJ = main.o mainWindow.o frame.o
# makefile (from `Makefile', line 12)
DEPS = $(patsubst %,$(IDIR)/%,$(_DEPS))
# default
SUFFIXES := 
# environment
_CE_M = 
# environment
MAKELEVEL := 0
# environment
CONDA_PREFIX = /Users/eliott/opt/anaconda3
# environment
TERM = xterm-256color
# environment
VSCODE_PID = 47837
# environment
_CE_CONDA = 
# environment
LANG = C
# variable set hash-table stats:
# Load=84/1024=8%, Rehash=0, Collisions=6/116=5%

# Pattern-specific Variable Values

# No pattern-specific variable values.

# Directories

# include (device 16777233, inode 37142422): 5 files, no impossibilities so far.
# . (device 16777233, inode 37142740): 12 files, no impossibilities.

# 17 files, no impossibilities in 2 directories.

# Implicit Rules

obj/%.o: %.cpp include/mainWindow.hpp include/frame.hpp include/config.hpp
#  commands to execute (from `Makefile', line 15):
	$(CXX) -c `wx-config --cxxflags` -o $@ $<
	

# 1 implicit rules, 0 (0.0%) terminal.

# Files

obj/mainWindow.o: mainWindow.cpp include/mainWindow.hpp include/frame.hpp include/config.hpp
#  Implicit rule search has been done.
#  Implicit/static pattern stem: `mainWindow'
#  Last modified 2022-06-26 10:12:40
#  File has been updated.
#  Successfully updated.
# variable set hash-table stats:
 
# Load=0/32=0%, Rehash=0, Collisions=0/0=0%
#  commands to execute (from `Makefile', line 15):
	$(CXX) -c `wx-config --cxxflags` -o $@ $<
	

all: main
#  Command-line target.
#  Implicit rule search has been done.
#  File does not exist.
#  File has been updated.
#  Successfully updated.
# variable set hash-table stats:
# Load=0/32=0%, Rehash=0, Collisions=0/0=0%

# Not a target:
mainWindow.cpp:
#  Implicit rule search has been done.
#  Last modified 2022-06-26 10:10:06
#  File has been updated.
#  Successfully updated.
# variable set hash-table stats:
# Load=0/32=0%, Rehash=0, Collisions=0/0=0%

obj/main.o: main.cpp include/mainWindow.hpp include/frame.hpp include/config.hpp
#  Implicit rule search has been done.
#  Implicit/static pattern stem: `main'
#  Last modified 2022-06-26 10:12:48
#  File has been updated.
#  Successfully updated.
# variable set hash-table stats:
# Load=0/32=0%, Rehash=0, Collisions=0/0=0%
#  commands to execute (from `Makefile', line 15):
	$(CXX) -c `wx-config --cxxflags` -o $@ $<
	

# Not a target:
.SUFFIXES:
#  Implicit rule search has not been done.
#  Modification time never checked.
#  File has not been updated.

# Not a target:
Makefile:
#  Implicit rule search has been done.
#  Last modified 2022-06-26 10:12:45
#  File has been updated.
#  Successfully updated.
# variable set hash-table stats:
# Load=0/32=0%, Rehash=0, Collisions=0/0=0%

# Not a target:
include/config.hpp:
#  Implicit rule search has been done.
#  Last modified 2022-06-26 10:11:07
#  File has been updated.
#  Successfully updated.
# variable set hash-table stats:
# Load=0/32=0%, Rehash=0, Collisions=0/0=0%

# Not a target:
main.cpp:
#  Implicit rule search has been done.
#  Last modified 2022-06-25 18:35:32
#  File has been updated.
#  Successfully updated.
# variable set hash-table stats:
# Load=0/32=0%, Rehash=0, Collisions=0/0=0%

obj/frame.o: frame.cpp include/mainWindow.hpp include/frame.hpp include/config.hpp
#  Implicit rule search has been done.
#  Implicit/static pattern stem: `frame'
#  Last modified 2022-06-26 10:12:41
#  File has been updated.
#  Successfully updated.
# variable set hash-table stats:
# Load=0/32=0%, Rehash=0, Collisions=0/0=0%
#  commands to execute (from `Makefile', line 15):
	$(CXX) -c `wx-config --cxxflags` -o $@ $<
	

# Not a target:
include/mainWindow.hpp:
#  Implicit rule search has been done.
#  Last modified 2022-06-26 10:03:03
#  File has been updated.
#  Successfully updated.
# variable set hash-table stats:
# Load=0/32=0%, Rehash=0, Collisions=0/0=0%

# Not a target:
.DEFAULT:
#  Implicit rule search has not been done.
#  Modification time never checked.
#  File has not been updated.

clean:
#  Implicit rule search has not been done.
#  Modification time never checked.
#  File has not been updated.
#  commands to execute (from `Makefile', line 23):
	rm -f $(ODIR)/*.o $(PROGRAM)
	

# Not a target:
frame.cpp:
#  Implicit rule search has been done.
#  Last modified 2022-06-26 10:11:29
#  File has been updated.
#  Successfully updated.
# variable set hash-table stats:
# Load=0/32=0%, Rehash=0, Collisions=0/0=0%

main: obj/main.o obj/mainWindow.o obj/frame.o
#  Implicit rule search has not been done.
#  Last modified 2022-06-26 10:12:48
#  File has been updated.
#  Successfully updated.
# variable set hash-table stats:
# Load=0/32=0%, Rehash=0, Collisions=0/0=0%
#  commands to execute (from `Makefile', line 20):
	$(CXX) -o $(PROGRAM) $(OBJ) `wx-config --libs`
	

# Not a target:
include/frame.hpp:
#  Implicit rule search has been done.
#  Last modified 2022-06-26 09:56:23
#  File has been updated.
#  Successfully updated.
# variable set hash-table stats:
# Load=0/32=0%, Rehash=0, Collisions=0/0=0%

# files hash-table stats:
# Load=15/1024=1%, Rehash=0, Collisions=0/59=0%
# VPATH Search Paths

# No `vpath' search paths.

# No general (`VPATH' variable) search path.

# # of strings in strcache: 1
# # of strcache buffers: 1
# strcache size: total = 4096 / max = 4096 / min = 4096 / avg = 4096
# strcache free: total = 4087 / max = 4087 / min = 4087 / avg = 4087

# Finished Make data base on Sun Jun 26 10:12:53 2022

 
